<?xml version="1.0" encoding="UTF-8"?>
<!-- Generated by org.testng.reporters.JUnitXMLReporter -->
<testsuite ignored="0" hostname="AGRNT-WS-002" failures="0" tests="4" name="sample1,2" time="0.027" errors="0" timestamp="2022-08-10T15:48:06 IST">
  <testcase classname="Test1.sample1" name="sample102" time="0.006"/>
  <testcase classname="Test1.sample1" name="sampple101" time="0.0"/>
  <testcase classname="Test1.sample2" name="sample201" time="0.0"/>
  <testcase classname="Test1.sample2" name="sample202" time="0.0"/>
</testsuite> <!-- sample1,2 -->
