<?xml version="1.0" encoding="UTF-8"?>
<!-- Generated by org.testng.reporters.JUnitXMLReporter -->
<testsuite ignored="3" hostname="AGRNT-WS-002" failures="0" tests="5" name="equal sample7,8" time="0.004" errors="0" timestamp="2022-08-12T12:35:03 IST">
  <testcase classname="Test1.sample7" name="sample702" time="0.0"/>
  <testcase classname="Test1.sample7" name="sample703" time="0.0"/>
  <testcase classname="Test1.sample7" name="sample704" time="0.0"/>
  <testcase classname="Test1.sample7" name="sampple701" time="0.0"/>
  <testcase classname="Test1.sample8" name="sample803" time="0.001"/>
  <testcase classname="Test1.sample8" name="sample804" time="0.0">
    <ignored/>
  </testcase> <!-- sample804 -->
  <testcase classname="Test1.sample8" name="sampple801" time="0.0">
    <ignored/>
  </testcase> <!-- sampple801 -->
  <testcase classname="Test1.sample8" name="sample802" time="0.0">
    <ignored/>
  </testcase> <!-- sample802 -->
</testsuite> <!-- equal sample7,8 -->
