<?xml version="1.0" encoding="UTF-8"?>
<!-- Generated by org.testng.reporters.JUnitXMLReporter -->
<testsuite ignored="1" hostname="AGRNT-WS-002" failures="0" tests="7" name="Personal sample4,5" time="0.009" errors="0" timestamp="2022-08-12T12:35:03 IST">
  <testcase classname="Test1.sample4" name="sample402" time="0.0"/>
  <testcase classname="Test1.sample4" name="sample404" time="0.0"/>
  <testcase classname="Test1.sample4" name="sampple401" time="0.001"/>
  <testcase classname="Test1.sample5" name="sample502" time="0.003"/>
  <testcase classname="Test1.sample5" name="sampple501" time="0.001"/>
  <testcase classname="Test1.sample5" name="sample503" time="0.0"/>
  <testcase classname="Test1.sample5" name="sample504" time="0.001"/>
  <testcase classname="Test1.sample4" name="sample403" time="0.0">
    <ignored/>
  </testcase> <!-- sample403 -->
</testsuite> <!-- Personal sample4,5 -->
