<?xml version="1.0" encoding="UTF-8"?>
<!-- Generated by org.testng.reporters.JUnitXMLReporter -->
<testsuite ignored="0" hostname="AGRNT-WS-002" failures="0" tests="8" name="sample1,2,3" time="0.031" errors="0" timestamp="2022-08-10T16:10:02 IST">
  <testcase classname="Test1.sample1" name="sample102" time="0.004"/>
  <testcase classname="Test1.sample1" name="sampple101" time="0.001"/>
  <testcase classname="Test1.sample2" name="sample201" time="0.001"/>
  <testcase classname="Test1.sample2" name="sample202" time="0.0"/>
  <testcase classname="Test1.sample3" name="sample302" time="0.001"/>
  <testcase classname="Test1.sample3" name="sample303" time="0.001"/>
  <testcase classname="Test1.sample3" name="sample304" time="0.0"/>
  <testcase classname="Test1.sample3" name="sampple301" time="0.0"/>
</testsuite> <!-- sample1,2,3 -->
