<?xml version="1.0" encoding="UTF-8"?>
<!-- Generated by org.testng.reporters.JUnitXMLReporter -->
<testsuite ignored="0" hostname="AGRNT-WS-002" failures="0" tests="8" name="sample4,5" time="0.007" errors="0" timestamp="2022-08-10T16:10:02 IST">
  <testcase classname="Test1.sample4" name="sample402" time="0.001"/>
  <testcase classname="Test1.sample4" name="sample403" time="0.0"/>
  <testcase classname="Test1.sample4" name="sample404" time="0.0"/>
  <testcase classname="Test1.sample4" name="sampple401" time="0.001"/>
  <testcase classname="Test1.sample5" name="sample502" time="0.001"/>
  <testcase classname="Test1.sample5" name="sample503" time="0.0"/>
  <testcase classname="Test1.sample5" name="sample504" time="0.0"/>
  <testcase classname="Test1.sample5" name="sampple501" time="0.001"/>
</testsuite> <!-- sample4,5 -->
